{"/Users/daviv/Dev/bookings/src/components/Banner/Banner.tsx": {"path":"/Users/daviv/Dev/bookings/src/components/Banner/Banner.tsx","statementMap":{"0":{"start":{"line":1,"column":0},"end":{"line":1,"column":61}},"1":{"start":{"line":4,"column":2},"end":{"line":8,"column":null}},"2":{"start":{"line":11,"column":0},"end":{"line":11,"column":null}}},"fnMap":{"0":{"name":"Banner","decl":{"start":{"line":3,"column":9},"end":{"line":3,"column":15}},"loc":{"start":{"line":3,"column":15},"end":{"line":9,"column":1}}}},"branchMap":{},"s":{"0":1,"1":2,"2":1},"f":{"0":2},"b":{}}
,"/Users/daviv/Dev/bookings/src/components/Booking/index.ts": {"path":"/Users/daviv/Dev/bookings/src/components/Booking/index.ts","statementMap":{"0":{"start":{"line":1,"column":0},"end":{"line":1,"column":7}},"1":{"start":{"line":6,"column":9},"end":{"line":1,"column":79}},"2":{"start":{"line":2,"column":0},"end":{"line":2,"column":7}},"3":{"start":{"line":6,"column":31},"end":{"line":2,"column":52}},"4":{"start":{"line":3,"column":0},"end":{"line":3,"column":7}},"5":{"start":{"line":6,"column":44},"end":{"line":3,"column":52}},"6":{"start":{"line":4,"column":0},"end":{"line":4,"column":7}},"7":{"start":{"line":6,"column":57},"end":{"line":4,"column":65}}},"fnMap":{},"branchMap":{},"s":{"0":2,"1":2,"2":2,"3":2,"4":2,"5":2,"6":2,"7":2},"f":{},"b":{}}
,"/Users/daviv/Dev/bookings/src/components/Booking/BookingCancelPopover/BookingCancelPopover.tsx": {"path":"/Users/daviv/Dev/bookings/src/components/Booking/BookingCancelPopover/BookingCancelPopover.tsx","statementMap":{"0":{"start":{"line":1,"column":0},"end":{"line":1,"column":45}},"1":{"start":{"line":2,"column":0},"end":{"line":2,"column":52}},"2":{"start":{"line":4,"column":0},"end":{"line":4,"column":null}},"3":{"start":{"line":9,"column":0},"end":{"line":9,"column":43}},"4":{"start":{"line":17,"column":21},"end":{"line":17,"column":43}},"5":{"start":{"line":18,"column":22},"end":{"line":18,"column":38}},"6":{"start":{"line":20,"column":27},"end":{"line":27,"column":3}},"7":{"start":{"line":21,"column":4},"end":{"line":26,"column":7}},"8":{"start":{"line":23,"column":8},"end":{"line":23,"column":54}},"9":{"start":{"line":24,"column":8},"end":{"line":24,"column":23}},"10":{"start":{"line":29,"column":2},"end":{"line":39,"column":4}},"11":{"start":{"line":42,"column":0},"end":{"line":42,"column":36}}},"fnMap":{"0":{"name":"BookingCancelPopover","decl":{"start":{"line":16,"column":9},"end":{"line":16,"column":29}},"loc":{"start":{"line":16,"column":81},"end":{"line":40,"column":1}}},"1":{"name":"(anonymous_1)","decl":{"start":{"line":20,"column":27},"end":{"line":20,"column":30}},"loc":{"start":{"line":20,"column":32},"end":{"line":27,"column":3}}},"2":{"name":"(anonymous_2)","decl":{"start":{"line":22,"column":17},"end":{"line":22,"column":20}},"loc":{"start":{"line":22,"column":22},"end":{"line":25,"column":7}}}},"branchMap":{},"s":{"0":4,"1":4,"2":4,"3":4,"4":4,"5":4,"6":4,"7":1,"8":1,"9":1,"10":4,"11":4},"f":{"0":4,"1":1,"2":1},"b":{}}
,"/Users/daviv/Dev/bookings/src/components/Booking/BookingForm/BookingForm.tsx": {"path":"/Users/daviv/Dev/bookings/src/components/Booking/BookingForm/BookingForm.tsx","statementMap":{"0":{"start":{"line":1,"column":0},"end":{"line":1,"column":35}},"1":{"start":{"line":2,"column":0},"end":{"line":2,"column":27}},"2":{"start":{"line":3,"column":0},"end":{"line":3,"column":50}},"3":{"start":{"line":4,"column":0},"end":{"line":4,"column":95}},"4":{"start":{"line":5,"column":0},"end":{"line":5,"column":81}},"5":{"start":{"line":6,"column":0},"end":{"line":6,"column":77}},"6":{"start":{"line":7,"column":0},"end":{"line":7,"column":37}},"7":{"start":{"line":8,"column":0},"end":{"line":8,"column":64}},"8":{"start":{"line":9,"column":0},"end":{"line":9,"column":49}},"9":{"start":{"line":10,"column":0},"end":{"line":10,"column":68}},"10":{"start":{"line":11,"column":0},"end":{"line":11,"column":42}},"11":{"start":{"line":13,"column":0},"end":{"line":13,"column":47}},"12":{"start":{"line":15,"column":25},"end":{"line":18,"column":2}},"13":{"start":{"line":26,"column":19},"end":{"line":26,"column":32}},"14":{"start":{"line":27,"column":17},"end":{"line":27,"column":34}},"15":{"start":{"line":28,"column":22},"end":{"line":28,"column":47}},"16":{"start":{"line":29,"column":23},"end":{"line":29,"column":49}},"17":{"start":{"line":30,"column":48},"end":{"line":30,"column":68}},"18":{"start":{"line":31,"column":22},"end":{"line":31,"column":83}},"19":{"start":{"line":31,"column":56},"end":{"line":31,"column":82}},"20":{"start":{"line":38,"column":6},"end":{"line":62,"column":4}},"21":{"start":{"line":46,"column":30},"end":{"line":49,"column":8}},"22":{"start":{"line":51,"column":6},"end":{"line":60,"column":9}},"23":{"start":{"line":57,"column":10},"end":{"line":57,"column":24}},"24":{"start":{"line":58,"column":10},"end":{"line":58,"column":32}},"25":{"start":{"line":64,"column":2},"end":{"line":122,"column":4}},"26":{"start":{"line":80,"column":37},"end":{"line":80,"column":72}},"27":{"start":{"line":87,"column":18},"end":{"line":89,"column":27}},"28":{"start":{"line":99,"column":37},"end":{"line":99,"column":73}},"29":{"start":{"line":106,"column":18},"end":{"line":108,"column":27}},"30":{"start":{"line":125,"column":0},"end":{"line":125,"column":27}}},"fnMap":{"0":{"name":"BookingForm","decl":{"start":{"line":25,"column":9},"end":{"line":25,"column":20}},"loc":{"start":{"line":25,"column":64},"end":{"line":123,"column":1}}},"1":{"name":"(anonymous_8)","decl":{"start":{"line":31,"column":34},"end":{"line":31,"column":35}},"loc":{"start":{"line":31,"column":56},"end":{"line":31,"column":82}}},"2":{"name":"(anonymous_9)","decl":{"start":{"line":45,"column":14},"end":{"line":45,"column":15}},"loc":{"start":{"line":45,"column":25},"end":{"line":61,"column":5}}},"3":{"name":"(anonymous_10)","decl":{"start":{"line":56,"column":19},"end":{"line":56,"column":22}},"loc":{"start":{"line":56,"column":24},"end":{"line":59,"column":9}}},"4":{"name":"(anonymous_11)","decl":{"start":{"line":80,"column":26},"end":{"line":80,"column":27}},"loc":{"start":{"line":80,"column":37},"end":{"line":80,"column":72}}},"5":{"name":"(anonymous_12)","decl":{"start":{"line":86,"column":35},"end":{"line":86,"column":36}},"loc":{"start":{"line":87,"column":18},"end":{"line":89,"column":27}}},"6":{"name":"(anonymous_13)","decl":{"start":{"line":99,"column":26},"end":{"line":99,"column":27}},"loc":{"start":{"line":99,"column":37},"end":{"line":99,"column":73}}},"7":{"name":"(anonymous_14)","decl":{"start":{"line":105,"column":35},"end":{"line":105,"column":36}},"loc":{"start":{"line":106,"column":18},"end":{"line":108,"column":27}}}},"branchMap":{"0":{"loc":{"start":{"line":41,"column":19},"end":{"line":41,"column":58}},"type":"cond-expr","locations":[{"start":{"line":41,"column":33},"end":{"line":41,"column":51}},{"start":{"line":41,"column":54},"end":{"line":41,"column":58}}]},"1":{"loc":{"start":{"line":42,"column":20},"end":{"line":42,"column":61}},"type":"cond-expr","locations":[{"start":{"line":42,"column":35},"end":{"line":42,"column":54}},{"start":{"line":42,"column":57},"end":{"line":42,"column":61}}]},"2":{"loc":{"start":{"line":47,"column":21},"end":{"line":47,"column":93}},"type":"cond-expr","locations":[{"start":{"line":47,"column":42},"end":{"line":47,"column":88}},{"start":{"line":47,"column":91},"end":{"line":47,"column":93}}]},"3":{"loc":{"start":{"line":48,"column":22},"end":{"line":48,"column":96}},"type":"cond-expr","locations":[{"start":{"line":48,"column":44},"end":{"line":48,"column":91}},{"start":{"line":48,"column":94},"end":{"line":48,"column":96}}]},"4":{"loc":{"start":{"line":68,"column":11},"end":{"line":69,"column":null}},"type":"binary-expr","locations":[{"start":{"line":68,"column":11},"end":{"line":68,"column":23}},{"start":{"line":69,"column":12},"end":{"line":69,"column":84}}]},"5":{"loc":{"start":{"line":71,"column":11},"end":{"line":72,"column":null}},"type":"binary-expr","locations":[{"start":{"line":71,"column":11},"end":{"line":71,"column":18}},{"start":{"line":72,"column":12},"end":{"line":72,"column":75}}]},"6":{"loc":{"start":{"line":87,"column":18},"end":{"line":89,"column":27}},"type":"cond-expr","locations":[{"start":{"line":88,"column":22},"end":{"line":88,"column":59}},{"start":{"line":89,"column":22},"end":{"line":89,"column":27}}]},"7":{"loc":{"start":{"line":106,"column":18},"end":{"line":108,"column":27}},"type":"cond-expr","locations":[{"start":{"line":107,"column":22},"end":{"line":107,"column":58}},{"start":{"line":108,"column":22},"end":{"line":108,"column":27}}]},"8":{"loc":{"start":{"line":114,"column":64},"end":{"line":114,"column":101}},"type":"binary-expr","locations":[{"start":{"line":114,"column":64},"end":{"line":114,"column":72}},{"start":{"line":114,"column":76},"end":{"line":114,"column":88}},{"start":{"line":114,"column":92},"end":{"line":114,"column":101}}]},"9":{"loc":{"start":{"line":115,"column":13},"end":{"line":115,"column":46}},"type":"binary-expr","locations":[{"start":{"line":115,"column":13},"end":{"line":115,"column":22}},{"start":{"line":115,"column":26},"end":{"line":115,"column":46}}]}},"s":{"0":3,"1":3,"2":3,"3":3,"4":3,"5":3,"6":3,"7":3,"8":3,"9":3,"10":3,"11":3,"12":3,"13":13,"14":13,"15":13,"16":13,"17":13,"18":13,"19":17,"20":13,"21":1,"22":1,"23":1,"24":1,"25":13,"26":0,"27":481,"28":0,"29":481,"30":3},"f":{"0":13,"1":17,"2":1,"3":1,"4":0,"5":481,"6":0,"7":481},"b":{"0":[13,0],"1":[13,0],"2":[1,0],"3":[1,0],"4":[13,3],"5":[13,0],"6":[481,0],"7":[481,0],"8":[13,13,10],"9":[13,0]}}
,"/Users/daviv/Dev/bookings/src/components/Booking/BookingList/BookingList.tsx": {"path":"/Users/daviv/Dev/bookings/src/components/Booking/BookingList/BookingList.tsx","statementMap":{"0":{"start":{"line":1,"column":0},"end":{"line":1,"column":39}},"1":{"start":{"line":2,"column":0},"end":{"line":2,"column":42}},"2":{"start":{"line":4,"column":0},"end":{"line":4,"column":33}},"3":{"start":{"line":5,"column":0},"end":{"line":5,"column":56}},"4":{"start":{"line":6,"column":0},"end":{"line":6,"column":43}},"5":{"start":{"line":7,"column":0},"end":{"line":7,"column":null}},"6":{"start":{"line":16,"column":0},"end":{"line":16,"column":80}},"7":{"start":{"line":17,"column":0},"end":{"line":17,"column":68}},"8":{"start":{"line":20,"column":22},"end":{"line":21,"column":null}},"9":{"start":{"line":21,"column":26},"end":{"line":21,"column":48}},"10":{"start":{"line":24,"column":19},"end":{"line":34,"column":null}},"11":{"start":{"line":37,"column":2},"end":{"line":66,"column":4}},"12":{"start":{"line":41,"column":10},"end":{"line":41,"column":null}},"13":{"start":{"line":57,"column":16},"end":{"line":57,"column":73}},"14":{"start":{"line":69,"column":0},"end":{"line":69,"column":27}}},"fnMap":{"0":{"name":"BookingList","decl":{"start":{"line":19,"column":9},"end":{"line":19,"column":20}},"loc":{"start":{"line":19,"column":20},"end":{"line":67,"column":1}}},"1":{"name":"(anonymous_2)","decl":{"start":{"line":21,"column":4},"end":{"line":21,"column":5}},"loc":{"start":{"line":21,"column":26},"end":{"line":21,"column":48}}},"2":{"name":"(anonymous_3)","decl":{"start":{"line":40,"column":81},"end":{"line":40,"column":82}},"loc":{"start":{"line":41,"column":10},"end":{"line":41,"column":null}}},"3":{"name":"(anonymous_4)","decl":{"start":{"line":56,"column":29},"end":{"line":56,"column":30}},"loc":{"start":{"line":57,"column":16},"end":{"line":57,"column":73}}}},"branchMap":{"0":{"loc":{"start":{"line":28,"column":21},"end":{"line":28,"column":56}},"type":"cond-expr","locations":[{"start":{"line":28,"column":35},"end":{"line":28,"column":49}},{"start":{"line":28,"column":52},"end":{"line":28,"column":56}}]},"1":{"loc":{"start":{"line":40,"column":9},"end":{"line":63,"column":10}},"type":"cond-expr","locations":[{"start":{"line":40,"column":30},"end":{"line":40,"column":68}},{"start":{"line":40,"column":71},"end":{"line":63,"column":10}}]}},"s":{"0":3,"1":3,"2":3,"3":3,"4":3,"5":3,"6":3,"7":3,"8":8,"9":12,"10":8,"11":8,"12":10,"13":11,"14":3},"f":{"0":8,"1":12,"2":10,"3":11},"b":{"0":[8,0],"1":[2,6]}}
,"/Users/daviv/Dev/bookings/src/components/Booking/BookingModal/BookingModalGroup.tsx": {"path":"/Users/daviv/Dev/bookings/src/components/Booking/BookingModal/BookingModalGroup.tsx","statementMap":{"0":{"start":{"line":1,"column":0},"end":{"line":1,"column":39}},"1":{"start":{"line":2,"column":0},"end":{"line":2,"column":69}},"2":{"start":{"line":3,"column":0},"end":{"line":3,"column":53}},"3":{"start":{"line":4,"column":0},"end":{"line":4,"column":33}},"4":{"start":{"line":7,"column":26},"end":{"line":7,"column":41}},"5":{"start":{"line":9,"column":22},"end":{"line":11,"column":3}},"6":{"start":{"line":10,"column":4},"end":{"line":10,"column":19}},"7":{"start":{"line":13,"column":2},"end":{"line":22,"column":null}},"8":{"start":{"line":15,"column":45},"end":{"line":15,"column":58}},"9":{"start":{"line":25,"column":0},"end":{"line":25,"column":null}}},"fnMap":{"0":{"name":"LoginModalGroup","decl":{"start":{"line":6,"column":9},"end":{"line":6,"column":24}},"loc":{"start":{"line":6,"column":63},"end":{"line":23,"column":1}}},"1":{"name":"(anonymous_2)","decl":{"start":{"line":9,"column":22},"end":{"line":9,"column":25}},"loc":{"start":{"line":9,"column":27},"end":{"line":11,"column":3}}},"2":{"name":"(anonymous_3)","decl":{"start":{"line":15,"column":39},"end":{"line":15,"column":42}},"loc":{"start":{"line":15,"column":45},"end":{"line":15,"column":58}}}},"branchMap":{},"s":{"0":2,"1":2,"2":2,"3":2,"4":6,"5":6,"6":0,"7":6,"8":0,"9":2},"f":{"0":6,"1":0,"2":0},"b":{}}
,"/Users/daviv/Dev/bookings/src/components/Login/LoginForm/LoginForm.tsx": {"path":"/Users/daviv/Dev/bookings/src/components/Login/LoginForm/LoginForm.tsx","statementMap":{"0":{"start":{"line":1,"column":0},"end":{"line":1,"column":35}},"1":{"start":{"line":2,"column":0},"end":{"line":2,"column":27}},"2":{"start":{"line":3,"column":0},"end":{"line":3,"column":34}},"3":{"start":{"line":4,"column":0},"end":{"line":4,"column":64}},"4":{"start":{"line":5,"column":0},"end":{"line":5,"column":48}},"5":{"start":{"line":6,"column":0},"end":{"line":6,"column":62}},"6":{"start":{"line":7,"column":0},"end":{"line":7,"column":55}},"7":{"start":{"line":9,"column":25},"end":{"line":11,"column":2}},"8":{"start":{"line":18,"column":32},"end":{"line":18,"column":49}},"9":{"start":{"line":27,"column":6},"end":{"line":36,"column":4}},"10":{"start":{"line":33,"column":6},"end":{"line":33,"column":27}},"11":{"start":{"line":34,"column":6},"end":{"line":34,"column":20}},"12":{"start":{"line":38,"column":2},"end":{"line":54,"column":4}},"13":{"start":{"line":57,"column":0},"end":{"line":57,"column":25}}},"fnMap":{"0":{"name":"LoginForm","decl":{"start":{"line":17,"column":9},"end":{"line":17,"column":18}},"loc":{"start":{"line":17,"column":50},"end":{"line":55,"column":1}}},"1":{"name":"(anonymous_8)","decl":{"start":{"line":32,"column":14},"end":{"line":32,"column":19}},"loc":{"start":{"line":32,"column":31},"end":{"line":35,"column":5}}}},"branchMap":{"0":{"loc":{"start":{"line":45,"column":17},"end":{"line":45,"column":48}},"type":"binary-expr","locations":[{"start":{"line":45,"column":17},"end":{"line":45,"column":30}},{"start":{"line":45,"column":34},"end":{"line":45,"column":48}}]},"1":{"loc":{"start":{"line":50,"column":11},"end":{"line":50,"column":69}},"type":"cond-expr","locations":[{"start":{"line":50,"column":39},"end":{"line":50,"column":59}},{"start":{"line":50,"column":62},"end":{"line":50,"column":69}}]},"2":{"loc":{"start":{"line":50,"column":11},"end":{"line":50,"column":36}},"type":"binary-expr","locations":[{"start":{"line":50,"column":11},"end":{"line":50,"column":23}},{"start":{"line":50,"column":27},"end":{"line":50,"column":36}}]}},"s":{"0":6,"1":6,"2":6,"3":6,"4":6,"5":6,"6":6,"7":6,"8":71,"9":71,"10":2,"11":2,"12":71,"13":6},"f":{"0":71,"1":2},"b":{"0":[71,4],"1":[36,35],"2":[71,69]}}
,"/Users/daviv/Dev/bookings/src/components/Login/LoginModal/LoginModalGroup.tsx": {"path":"/Users/daviv/Dev/bookings/src/components/Login/LoginModal/LoginModalGroup.tsx","statementMap":{"0":{"start":{"line":1,"column":0},"end":{"line":1,"column":33}},"1":{"start":{"line":2,"column":0},"end":{"line":2,"column":69}},"2":{"start":{"line":3,"column":0},"end":{"line":3,"column":65}},"3":{"start":{"line":4,"column":0},"end":{"line":4,"column":50}},"4":{"start":{"line":5,"column":0},"end":{"line":5,"column":47}},"5":{"start":{"line":8,"column":26},"end":{"line":8,"column":41}},"6":{"start":{"line":10,"column":22},"end":{"line":12,"column":3}},"7":{"start":{"line":11,"column":4},"end":{"line":11,"column":19}},"8":{"start":{"line":14,"column":2},"end":{"line":23,"column":null}},"9":{"start":{"line":16,"column":30},"end":{"line":16,"column":43}},"10":{"start":{"line":26,"column":0},"end":{"line":26,"column":null}}},"fnMap":{"0":{"name":"LoginModalGroup","decl":{"start":{"line":7,"column":9},"end":{"line":7,"column":24}},"loc":{"start":{"line":7,"column":24},"end":{"line":24,"column":1}}},"1":{"name":"(anonymous_2)","decl":{"start":{"line":10,"column":22},"end":{"line":10,"column":25}},"loc":{"start":{"line":10,"column":27},"end":{"line":12,"column":3}}},"2":{"name":"(anonymous_3)","decl":{"start":{"line":16,"column":24},"end":{"line":16,"column":27}},"loc":{"start":{"line":16,"column":30},"end":{"line":16,"column":43}}}},"branchMap":{},"s":{"0":6,"1":6,"2":6,"3":6,"4":6,"5":14,"6":14,"7":2,"8":14,"9":4,"10":6},"f":{"0":14,"1":2,"2":4},"b":{}}
,"/Users/daviv/Dev/bookings/src/components/Nav/NavBar/NavBar.tsx": {"path":"/Users/daviv/Dev/bookings/src/components/Nav/NavBar/NavBar.tsx","statementMap":{"0":{"start":{"line":1,"column":0},"end":{"line":1,"column":40}},"1":{"start":{"line":2,"column":0},"end":{"line":2,"column":null}},"2":{"start":{"line":9,"column":0},"end":{"line":9,"column":60}},"3":{"start":{"line":10,"column":0},"end":{"line":10,"column":42}},"4":{"start":{"line":12,"column":0},"end":{"line":12,"column":76}},"5":{"start":{"line":13,"column":0},"end":{"line":13,"column":75}},"6":{"start":{"line":14,"column":0},"end":{"line":14,"column":68}},"7":{"start":{"line":17,"column":22},"end":{"line":17,"column":79}},"8":{"start":{"line":17,"column":56},"end":{"line":17,"column":78}},"9":{"start":{"line":19,"column":22},"end":{"line":24,"column":3}},"10":{"start":{"line":20,"column":4},"end":{"line":23,"column":5}},"11":{"start":{"line":21,"column":6},"end":{"line":21,"column":29}},"12":{"start":{"line":22,"column":6},"end":{"line":22,"column":31}},"13":{"start":{"line":26,"column":2},"end":{"line":50,"column":4}},"14":{"start":{"line":37,"column":14},"end":{"line":39,"column":null}},"15":{"start":{"line":53,"column":0},"end":{"line":53,"column":22}}},"fnMap":{"0":{"name":"NavBar","decl":{"start":{"line":16,"column":9},"end":{"line":16,"column":15}},"loc":{"start":{"line":16,"column":15},"end":{"line":51,"column":1}}},"1":{"name":"(anonymous_2)","decl":{"start":{"line":17,"column":34},"end":{"line":17,"column":35}},"loc":{"start":{"line":17,"column":56},"end":{"line":17,"column":78}}},"2":{"name":"(anonymous_3)","decl":{"start":{"line":19,"column":22},"end":{"line":19,"column":23}},"loc":{"start":{"line":19,"column":69},"end":{"line":24,"column":3}}},"3":{"name":"(anonymous_4)","decl":{"start":{"line":36,"column":27},"end":{"line":36,"column":28}},"loc":{"start":{"line":37,"column":14},"end":{"line":39,"column":null}}}},"branchMap":{"0":{"loc":{"start":{"line":20,"column":4},"end":{"line":23,"column":5}},"type":"if","locations":[{"start":{"line":20,"column":4},"end":{"line":23,"column":5}}]},"1":{"loc":{"start":{"line":34,"column":9},"end":{"line":46,"column":null}},"type":"cond-expr","locations":[{"start":{"line":35,"column":10},"end":{"line":43,"column":null}},{"start":{"line":46,"column":10},"end":{"line":46,"column":29}}]}},"s":{"0":4,"1":4,"2":4,"3":4,"4":4,"5":4,"6":4,"7":2,"8":4,"9":2,"10":0,"11":0,"12":0,"13":2,"14":1,"15":4},"f":{"0":2,"1":4,"2":0,"3":1},"b":{"0":[0],"1":[1,1]}}
,"/Users/daviv/Dev/bookings/src/components/Nav/NavBarSearch/NavBarSearch.tsx": {"path":"/Users/daviv/Dev/bookings/src/components/Nav/NavBarSearch/NavBarSearch.tsx","statementMap":{"0":{"start":{"line":1,"column":0},"end":{"line":1,"column":40}},"1":{"start":{"line":2,"column":0},"end":{"line":2,"column":93}},"2":{"start":{"line":3,"column":0},"end":{"line":3,"column":42}},"3":{"start":{"line":5,"column":0},"end":{"line":5,"column":96}},"4":{"start":{"line":6,"column":0},"end":{"line":6,"column":80}},"5":{"start":{"line":7,"column":0},"end":{"line":7,"column":76}},"6":{"start":{"line":8,"column":0},"end":{"line":8,"column":60}},"7":{"start":{"line":9,"column":0},"end":{"line":9,"column":75}},"8":{"start":{"line":10,"column":0},"end":{"line":10,"column":68}},"9":{"start":{"line":13,"column":22},"end":{"line":13,"column":79}},"10":{"start":{"line":13,"column":56},"end":{"line":13,"column":78}},"11":{"start":{"line":15,"column":2},"end":{"line":43,"column":4}},"12":{"start":{"line":30,"column":12},"end":{"line":32,"column":null}},"13":{"start":{"line":46,"column":0},"end":{"line":46,"column":28}}},"fnMap":{"0":{"name":"NavBarSearch","decl":{"start":{"line":12,"column":9},"end":{"line":12,"column":21}},"loc":{"start":{"line":12,"column":21},"end":{"line":44,"column":1}}},"1":{"name":"(anonymous_2)","decl":{"start":{"line":13,"column":34},"end":{"line":13,"column":35}},"loc":{"start":{"line":13,"column":56},"end":{"line":13,"column":78}}},"2":{"name":"(anonymous_3)","decl":{"start":{"line":29,"column":25},"end":{"line":29,"column":26}},"loc":{"start":{"line":30,"column":12},"end":{"line":32,"column":null}}}},"branchMap":{"0":{"loc":{"start":{"line":27,"column":9},"end":{"line":39,"column":null}},"type":"cond-expr","locations":[{"start":{"line":28,"column":10},"end":{"line":36,"column":null}},{"start":{"line":39,"column":10},"end":{"line":39,"column":29}}]}},"s":{"0":1,"1":1,"2":1,"3":1,"4":1,"5":1,"6":1,"7":1,"8":1,"9":3,"10":6,"11":3,"12":1,"13":1},"f":{"0":3,"1":6,"2":1},"b":{"0":[1,2]}}
,"/Users/daviv/Dev/bookings/src/components/Property/PropertyCard/PropertyCard.tsx": {"path":"/Users/daviv/Dev/bookings/src/components/Property/PropertyCard/PropertyCard.tsx","statementMap":{"0":{"start":{"line":1,"column":0},"end":{"line":1,"column":52}},"1":{"start":{"line":2,"column":0},"end":{"line":2,"column":48}},"2":{"start":{"line":3,"column":0},"end":{"line":3,"column":50}},"3":{"start":{"line":5,"column":0},"end":{"line":5,"column":70}},"4":{"start":{"line":6,"column":0},"end":{"line":6,"column":58}},"5":{"start":{"line":13,"column":2},"end":{"line":34,"column":4}},"6":{"start":{"line":37,"column":0},"end":{"line":37,"column":28}}},"fnMap":{"0":{"name":"PropertyCard","decl":{"start":{"line":12,"column":9},"end":{"line":12,"column":21}},"loc":{"start":{"line":12,"column":53},"end":{"line":35,"column":1}}}},"branchMap":{},"s":{"0":2,"1":2,"2":2,"3":2,"4":2,"5":6,"6":2},"f":{"0":6},"b":{}}
,"/Users/daviv/Dev/bookings/src/components/Property/PropertyList/PropertyList.tsx": {"path":"/Users/daviv/Dev/bookings/src/components/Property/PropertyList/PropertyList.tsx","statementMap":{"0":{"start":{"line":1,"column":0},"end":{"line":1,"column":56}},"1":{"start":{"line":2,"column":0},"end":{"line":2,"column":42}},"2":{"start":{"line":4,"column":0},"end":{"line":4,"column":59}},"3":{"start":{"line":5,"column":0},"end":{"line":5,"column":49}},"4":{"start":{"line":6,"column":0},"end":{"line":6,"column":40}},"5":{"start":{"line":9,"column":17},"end":{"line":9,"column":34}},"6":{"start":{"line":10,"column":22},"end":{"line":10,"column":47}},"7":{"start":{"line":11,"column":23},"end":{"line":11,"column":49}},"8":{"start":{"line":12,"column":34},"end":{"line":14,"column":null}},"9":{"start":{"line":17,"column":2},"end":{"line":27,"column":4}},"10":{"start":{"line":21,"column":10},"end":{"line":21,"column":42}},"11":{"start":{"line":30,"column":0},"end":{"line":30,"column":28}}},"fnMap":{"0":{"name":"PropertyList","decl":{"start":{"line":8,"column":9},"end":{"line":8,"column":21}},"loc":{"start":{"line":8,"column":21},"end":{"line":28,"column":1}}},"1":{"name":"(anonymous_2)","decl":{"start":{"line":20,"column":32},"end":{"line":20,"column":33}},"loc":{"start":{"line":21,"column":10},"end":{"line":21,"column":42}}}},"branchMap":{"0":{"loc":{"start":{"line":19,"column":7},"end":{"line":24,"column":null}},"type":"cond-expr","locations":[{"start":{"line":20,"column":8},"end":{"line":22,"column":10}},{"start":{"line":24,"column":8},"end":{"line":24,"column":58}}]},"1":{"loc":{"start":{"line":19,"column":7},"end":{"line":19,"column":56}},"type":"binary-expr","locations":[{"start":{"line":19,"column":7},"end":{"line":19,"column":26}},{"start":{"line":19,"column":30},"end":{"line":19,"column":56}}]}},"s":{"0":1,"1":1,"2":1,"3":1,"4":1,"5":4,"6":4,"7":4,"8":4,"9":4,"10":4,"11":1},"f":{"0":4,"1":4},"b":{"0":[2,2],"1":[4,3]}}
,"/Users/daviv/Dev/bookings/src/components/Search/SearchForm/SearchForm.tsx": {"path":"/Users/daviv/Dev/bookings/src/components/Search/SearchForm/SearchForm.tsx","statementMap":{"0":{"start":{"line":1,"column":0},"end":{"line":1,"column":35}},"1":{"start":{"line":2,"column":0},"end":{"line":2,"column":59}},"2":{"start":{"line":3,"column":0},"end":{"line":3,"column":64}},"3":{"start":{"line":4,"column":0},"end":{"line":4,"column":88}},"4":{"start":{"line":5,"column":0},"end":{"line":5,"column":37}},"5":{"start":{"line":6,"column":0},"end":{"line":6,"column":42}},"6":{"start":{"line":7,"column":0},"end":{"line":7,"column":47}},"7":{"start":{"line":8,"column":0},"end":{"line":8,"column":50}},"8":{"start":{"line":9,"column":0},"end":{"line":9,"column":32}},"9":{"start":{"line":10,"column":0},"end":{"line":10,"column":72}},"10":{"start":{"line":22,"column":19},"end":{"line":22,"column":32}},"11":{"start":{"line":23,"column":17},"end":{"line":23,"column":34}},"12":{"start":{"line":24,"column":22},"end":{"line":24,"column":72}},"13":{"start":{"line":24,"column":36},"end":{"line":24,"column":61}},"14":{"start":{"line":25,"column":23},"end":{"line":25,"column":74}},"15":{"start":{"line":25,"column":37},"end":{"line":25,"column":63}},"16":{"start":{"line":34,"column":6},"end":{"line":57,"column":4}},"17":{"start":{"line":41,"column":30},"end":{"line":44,"column":8}},"18":{"start":{"line":46,"column":6},"end":{"line":48,"column":7}},"19":{"start":{"line":47,"column":8},"end":{"line":47,"column":22}},"20":{"start":{"line":50,"column":6},"end":{"line":53,"column":7}},"21":{"start":{"line":51,"column":8},"end":{"line":51,"column":80}},"22":{"start":{"line":52,"column":8},"end":{"line":52,"column":15}},"23":{"start":{"line":55,"column":6},"end":{"line":55,"column":27}},"24":{"start":{"line":59,"column":2},"end":{"line":93,"column":4}},"25":{"start":{"line":68,"column":35},"end":{"line":68,"column":70}},"26":{"start":{"line":70,"column":16},"end":{"line":70,"column":83}},"27":{"start":{"line":77,"column":35},"end":{"line":77,"column":71}},"28":{"start":{"line":79,"column":16},"end":{"line":79,"column":81}},"29":{"start":{"line":96,"column":0},"end":{"line":96,"column":26}}},"fnMap":{"0":{"name":"SearchForm","decl":{"start":{"line":21,"column":9},"end":{"line":21,"column":19}},"loc":{"start":{"line":21,"column":65},"end":{"line":94,"column":1}}},"1":{"name":"(anonymous_2)","decl":{"start":{"line":24,"column":30},"end":{"line":24,"column":33}},"loc":{"start":{"line":24,"column":36},"end":{"line":24,"column":61}}},"2":{"name":"(anonymous_3)","decl":{"start":{"line":25,"column":31},"end":{"line":25,"column":34}},"loc":{"start":{"line":25,"column":37},"end":{"line":25,"column":63}}},"3":{"name":"(anonymous_4)","decl":{"start":{"line":40,"column":14},"end":{"line":40,"column":15}},"loc":{"start":{"line":40,"column":25},"end":{"line":56,"column":5}}},"4":{"name":"(anonymous_5)","decl":{"start":{"line":68,"column":24},"end":{"line":68,"column":25}},"loc":{"start":{"line":68,"column":35},"end":{"line":68,"column":70}}},"5":{"name":"(anonymous_6)","decl":{"start":{"line":69,"column":33},"end":{"line":69,"column":34}},"loc":{"start":{"line":70,"column":16},"end":{"line":70,"column":83}}},"6":{"name":"(anonymous_7)","decl":{"start":{"line":77,"column":24},"end":{"line":77,"column":25}},"loc":{"start":{"line":77,"column":35},"end":{"line":77,"column":71}}},"7":{"name":"(anonymous_8)","decl":{"start":{"line":78,"column":33},"end":{"line":78,"column":34}},"loc":{"start":{"line":79,"column":16},"end":{"line":79,"column":81}}}},"branchMap":{"0":{"loc":{"start":{"line":36,"column":19},"end":{"line":36,"column":58}},"type":"cond-expr","locations":[{"start":{"line":36,"column":33},"end":{"line":36,"column":51}},{"start":{"line":36,"column":54},"end":{"line":36,"column":58}}]},"1":{"loc":{"start":{"line":37,"column":20},"end":{"line":37,"column":61}},"type":"cond-expr","locations":[{"start":{"line":37,"column":35},"end":{"line":37,"column":54}},{"start":{"line":37,"column":57},"end":{"line":37,"column":61}}]},"2":{"loc":{"start":{"line":42,"column":21},"end":{"line":42,"column":93}},"type":"cond-expr","locations":[{"start":{"line":42,"column":42},"end":{"line":42,"column":88}},{"start":{"line":42,"column":91},"end":{"line":42,"column":93}}]},"3":{"loc":{"start":{"line":43,"column":22},"end":{"line":43,"column":95}},"type":"cond-expr","locations":[{"start":{"line":43,"column":44},"end":{"line":43,"column":91}},{"start":{"line":43,"column":93},"end":{"line":43,"column":95}}]},"4":{"loc":{"start":{"line":46,"column":6},"end":{"line":48,"column":7}},"type":"if","locations":[{"start":{"line":46,"column":6},"end":{"line":48,"column":7}}]},"5":{"loc":{"start":{"line":50,"column":6},"end":{"line":53,"column":7}},"type":"if","locations":[{"start":{"line":50,"column":6},"end":{"line":53,"column":7}}]},"6":{"loc":{"start":{"line":50,"column":10},"end":{"line":50,"column":69}},"type":"binary-expr","locations":[{"start":{"line":50,"column":10},"end":{"line":50,"column":37}},{"start":{"line":50,"column":41},"end":{"line":50,"column":69}}]},"7":{"loc":{"start":{"line":70,"column":16},"end":{"line":70,"column":83}},"type":"cond-expr","locations":[{"start":{"line":70,"column":38},"end":{"line":70,"column":75}},{"start":{"line":70,"column":78},"end":{"line":70,"column":83}}]},"8":{"loc":{"start":{"line":79,"column":16},"end":{"line":79,"column":81}},"type":"cond-expr","locations":[{"start":{"line":79,"column":37},"end":{"line":79,"column":73}},{"start":{"line":79,"column":76},"end":{"line":79,"column":81}}]},"9":{"loc":{"start":{"line":83,"column":11},"end":{"line":84,"column":null}},"type":"binary-expr","locations":[{"start":{"line":83,"column":11},"end":{"line":83,"column":29}},{"start":{"line":83,"column":33},"end":{"line":83,"column":52}},{"start":{"line":84,"column":12},"end":{"line":84,"column":117}}]},"10":{"loc":{"start":{"line":87,"column":13},"end":{"line":87,"column":93}},"type":"cond-expr","locations":[{"start":{"line":87,"column":57},"end":{"line":87,"column":74}},{"start":{"line":87,"column":77},"end":{"line":87,"column":93}}]},"11":{"loc":{"start":{"line":87,"column":13},"end":{"line":87,"column":54}},"type":"binary-expr","locations":[{"start":{"line":87,"column":13},"end":{"line":87,"column":31}},{"start":{"line":87,"column":35},"end":{"line":87,"column":54}}]}},"s":{"0":3,"1":3,"2":3,"3":3,"4":3,"5":3,"6":3,"7":3,"8":3,"9":3,"10":4,"11":4,"12":4,"13":4,"14":4,"15":4,"16":4,"17":0,"18":0,"19":0,"20":0,"21":0,"22":0,"23":0,"24":4,"25":0,"26":0,"27":0,"28":0,"29":3},"f":{"0":4,"1":4,"2":4,"3":0,"4":0,"5":0,"6":0,"7":0},"b":{"0":[1,3],"1":[1,3],"2":[0,0],"3":[0,0],"4":[0],"5":[0],"6":[0,0],"7":[0,0],"8":[0,0],"9":[4,0,0],"10":[1,3],"11":[4,3]}}
,"/Users/daviv/Dev/bookings/src/components/Search/SearchForm/utils/searchValidationSchema.ts": {"path":"/Users/daviv/Dev/bookings/src/components/Search/SearchForm/utils/searchValidationSchema.ts","statementMap":{"0":{"start":{"line":1,"column":0},"end":{"line":1,"column":27}},"1":{"start":{"line":3,"column":13},"end":{"line":12,"column":3}},"2":{"start":{"line":7,"column":40},"end":{"line":7,"column":46}},"3":{"start":{"line":8,"column":2},"end":{"line":10,"column":3}},"4":{"start":{"line":9,"column":4},"end":{"line":9,"column":116}},"5":{"start":{"line":11,"column":2},"end":{"line":11,"column":14}}},"fnMap":{"0":{"name":"(anonymous_6)","decl":{"start":{"line":6,"column":80},"end":{"line":6,"column":90}},"loc":{"start":{"line":6,"column":96},"end":{"line":12,"column":1}}}},"branchMap":{"0":{"loc":{"start":{"line":8,"column":2},"end":{"line":10,"column":3}},"type":"if","locations":[{"start":{"line":8,"column":2},"end":{"line":10,"column":3}}]},"1":{"loc":{"start":{"line":8,"column":6},"end":{"line":8,"column":70}},"type":"binary-expr","locations":[{"start":{"line":8,"column":7},"end":{"line":8,"column":18}},{"start":{"line":8,"column":22},"end":{"line":8,"column":35}},{"start":{"line":8,"column":41},"end":{"line":8,"column":53}},{"start":{"line":8,"column":57},"end":{"line":8,"column":69}}]}},"s":{"0":4,"1":4,"2":3,"3":3,"4":2,"5":1},"f":{"0":3},"b":{"0":[2],"1":[3,1,2,2]}}
,"/Users/daviv/Dev/bookings/src/components/Search/SearchModal/SearchModalGroup.tsx": {"path":"/Users/daviv/Dev/bookings/src/components/Search/SearchModal/SearchModalGroup.tsx","statementMap":{"0":{"start":{"line":1,"column":0},"end":{"line":1,"column":51}},"1":{"start":{"line":2,"column":0},"end":{"line":2,"column":61}},"2":{"start":{"line":3,"column":0},"end":{"line":3,"column":49}},"3":{"start":{"line":4,"column":0},"end":{"line":4,"column":32}},"4":{"start":{"line":5,"column":0},"end":{"line":5,"column":52}},"5":{"start":{"line":6,"column":0},"end":{"line":6,"column":42}},"6":{"start":{"line":9,"column":26},"end":{"line":9,"column":41}},"7":{"start":{"line":11,"column":22},"end":{"line":13,"column":3}},"8":{"start":{"line":12,"column":4},"end":{"line":12,"column":19}},"9":{"start":{"line":15,"column":2},"end":{"line":22,"column":null}},"10":{"start":{"line":17,"column":29},"end":{"line":17,"column":42}},"11":{"start":{"line":25,"column":0},"end":{"line":25,"column":null}}},"fnMap":{"0":{"name":"SearchModalGroup","decl":{"start":{"line":8,"column":9},"end":{"line":8,"column":25}},"loc":{"start":{"line":8,"column":25},"end":{"line":23,"column":1}}},"1":{"name":"(anonymous_2)","decl":{"start":{"line":11,"column":22},"end":{"line":11,"column":25}},"loc":{"start":{"line":11,"column":27},"end":{"line":13,"column":3}}},"2":{"name":"(anonymous_3)","decl":{"start":{"line":17,"column":23},"end":{"line":17,"column":26}},"loc":{"start":{"line":17,"column":29},"end":{"line":17,"column":42}}}},"branchMap":{},"s":{"0":2,"1":2,"2":2,"3":2,"4":2,"5":2,"6":5,"7":5,"8":0,"9":5,"10":0,"11":2},"f":{"0":5,"1":0,"2":0},"b":{}}
,"/Users/daviv/Dev/bookings/src/components/UserMenuPopover/UserMenuPopover.tsx": {"path":"/Users/daviv/Dev/bookings/src/components/UserMenuPopover/UserMenuPopover.tsx","statementMap":{"0":{"start":{"line":1,"column":0},"end":{"line":1,"column":46}},"1":{"start":{"line":2,"column":0},"end":{"line":2,"column":78}},"2":{"start":{"line":3,"column":0},"end":{"line":3,"column":42}},"3":{"start":{"line":4,"column":0},"end":{"line":4,"column":49}},"4":{"start":{"line":7,"column":19},"end":{"line":7,"column":32}},"5":{"start":{"line":8,"column":19},"end":{"line":8,"column":32}},"6":{"start":{"line":10,"column":25},"end":{"line":12,"column":3}},"7":{"start":{"line":11,"column":4},"end":{"line":11,"column":26}},"8":{"start":{"line":14,"column":23},"end":{"line":18,"column":3}},"9":{"start":{"line":15,"column":4},"end":{"line":15,"column":null}},"10":{"start":{"line":16,"column":4},"end":{"line":16,"column":38}},"11":{"start":{"line":17,"column":4},"end":{"line":17,"column":18}},"12":{"start":{"line":20,"column":2},"end":{"line":25,"column":null}},"13":{"start":{"line":28,"column":0},"end":{"line":28,"column":null}}},"fnMap":{"0":{"name":"UserMenuPopover","decl":{"start":{"line":6,"column":9},"end":{"line":6,"column":24}},"loc":{"start":{"line":6,"column":24},"end":{"line":26,"column":1}}},"1":{"name":"(anonymous_1)","decl":{"start":{"line":10,"column":25},"end":{"line":10,"column":28}},"loc":{"start":{"line":10,"column":30},"end":{"line":12,"column":3}}},"2":{"name":"(anonymous_2)","decl":{"start":{"line":14,"column":23},"end":{"line":14,"column":26}},"loc":{"start":{"line":14,"column":28},"end":{"line":18,"column":3}}}},"branchMap":{},"s":{"0":6,"1":6,"2":6,"3":6,"4":4,"5":4,"6":4,"7":1,"8":4,"9":1,"10":1,"11":1,"12":4,"13":6},"f":{"0":4,"1":1,"2":1},"b":{}}
,"/Users/daviv/Dev/bookings/src/hooks/index.ts": {"path":"/Users/daviv/Dev/bookings/src/hooks/index.ts","statementMap":{"0":{"start":{"line":1,"column":0},"end":{"line":1,"column":41}}},"fnMap":{},"branchMap":{},"s":{"0":1},"f":{},"b":{}}
,"/Users/daviv/Dev/bookings/src/hooks/useAvailableProperties.tsx": {"path":"/Users/daviv/Dev/bookings/src/hooks/useAvailableProperties.tsx","statementMap":{"0":{"start":{"line":1,"column":0},"end":{"line":1,"column":49}},"1":{"start":{"line":2,"column":0},"end":{"line":2,"column":39}},"2":{"start":{"line":3,"column":0},"end":{"line":3,"column":42}},"3":{"start":{"line":6,"column":38},"end":{"line":24,"column":1}},"4":{"start":{"line":7,"column":22},"end":{"line":7,"column":83}},"5":{"start":{"line":7,"column":56},"end":{"line":7,"column":82}},"6":{"start":{"line":11,"column":6},"end":{"line":20,"column":null}},"7":{"start":{"line":23,"column":2},"end":{"line":23,"column":null}},"8":{"start":{"line":6,"column":13},"end":{"line":6,"column":38}}},"fnMap":{"0":{"name":"(anonymous_0)","decl":{"start":{"line":6,"column":38},"end":{"line":6,"column":39}},"loc":{"start":{"line":6,"column":98},"end":{"line":24,"column":1}}},"1":{"name":"(anonymous_1)","decl":{"start":{"line":7,"column":34},"end":{"line":7,"column":35}},"loc":{"start":{"line":7,"column":56},"end":{"line":7,"column":82}}}},"branchMap":{},"s":{"0":1,"1":1,"2":1,"3":1,"4":4,"5":6,"6":4,"7":4,"8":1},"f":{"0":4,"1":6},"b":{}}
,"/Users/daviv/Dev/bookings/src/shared/index.ts": {"path":"/Users/daviv/Dev/bookings/src/shared/index.ts","statementMap":{"0":{"start":{"line":1,"column":0},"end":{"line":1,"column":7}},"1":{"start":{"line":7,"column":9},"end":{"line":1,"column":58}},"2":{"start":{"line":2,"column":0},"end":{"line":2,"column":7}},"3":{"start":{"line":7,"column":24},"end":{"line":2,"column":52}},"4":{"start":{"line":3,"column":0},"end":{"line":3,"column":7}},"5":{"start":{"line":7,"column":37},"end":{"line":3,"column":55}},"6":{"start":{"line":4,"column":0},"end":{"line":4,"column":7}},"7":{"start":{"line":7,"column":51},"end":{"line":4,"column":61}},"8":{"start":{"line":5,"column":0},"end":{"line":5,"column":7}},"9":{"start":{"line":7,"column":67},"end":{"line":5,"column":52}}},"fnMap":{},"branchMap":{},"s":{"0":3,"1":3,"2":3,"3":3,"4":3,"5":3,"6":3,"7":3,"8":3,"9":3},"f":{},"b":{}}
,"/Users/daviv/Dev/bookings/src/shared/ErrorBoundary/ErrorBoundary.tsx": {"path":"/Users/daviv/Dev/bookings/src/shared/ErrorBoundary/ErrorBoundary.tsx","statementMap":{"0":{"start":{"line":1,"column":0},"end":{"line":1,"column":56}},"1":{"start":{"line":2,"column":0},"end":{"line":2,"column":56}},"2":{"start":{"line":3,"column":0},"end":{"line":3,"column":53}},"3":{"start":{"line":15,"column":4},"end":{"line":15,"column":17}},"4":{"start":{"line":16,"column":4},"end":{"line":16,"column":37}},"5":{"start":{"line":20,"column":4},"end":{"line":20,"column":30}},"6":{"start":{"line":24,"column":4},"end":{"line":24,"column":71}},"7":{"start":{"line":28,"column":4},"end":{"line":35,"column":5}},"8":{"start":{"line":29,"column":6},"end":{"line":34,"column":8}},"9":{"start":{"line":37,"column":4},"end":{"line":37,"column":31}},"10":{"start":{"line":41,"column":0},"end":{"line":41,"column":29}}},"fnMap":{"0":{"name":"(anonymous_1)","decl":{"start":{"line":14,"column":2},"end":{"line":14,"column":14}},"loc":{"start":{"line":14,"column":39},"end":{"line":17,"column":3}}},"1":{"name":"(anonymous_2)","decl":{"start":{"line":19,"column":2},"end":{"line":19,"column":8}},"loc":{"start":{"line":19,"column":33},"end":{"line":21,"column":3}}},"2":{"name":"(anonymous_3)","decl":{"start":{"line":23,"column":2},"end":{"line":23,"column":19}},"loc":{"start":{"line":23,"column":54},"end":{"line":25,"column":3}}},"3":{"name":"(anonymous_4)","decl":{"start":{"line":27,"column":2},"end":{"line":27,"column":8}},"loc":{"start":{"line":27,"column":8},"end":{"line":38,"column":3}}}},"branchMap":{"0":{"loc":{"start":{"line":28,"column":4},"end":{"line":35,"column":5}},"type":"if","locations":[{"start":{"line":28,"column":4},"end":{"line":35,"column":5}}]}},"s":{"0":4,"1":4,"2":4,"3":4,"4":3,"5":2,"6":1,"7":5,"8":2,"9":3,"10":4},"f":{"0":4,"1":2,"2":1,"3":5},"b":{"0":[2]}}
,"/Users/daviv/Dev/bookings/src/shared/GenericModal/GenericModal.tsx": {"path":"/Users/daviv/Dev/bookings/src/shared/GenericModal/GenericModal.tsx","statementMap":{"0":{"start":{"line":1,"column":0},"end":{"line":1,"column":55}},"1":{"start":{"line":2,"column":0},"end":{"line":2,"column":48}},"2":{"start":{"line":11,"column":2},"end":{"line":19,"column":4}},"3":{"start":{"line":22,"column":0},"end":{"line":22,"column":28}}},"fnMap":{"0":{"name":"GenericModal","decl":{"start":{"line":10,"column":9},"end":{"line":10,"column":21}},"loc":{"start":{"line":10,"column":72},"end":{"line":20,"column":1}}}},"branchMap":{},"s":{"0":7,"1":7,"2":19,"3":7},"f":{"0":19},"b":{}}
,"/Users/daviv/Dev/bookings/src/shared/GenericPopover/GenericPopover.tsx": {"path":"/Users/daviv/Dev/bookings/src/shared/GenericPopover/GenericPopover.tsx","statementMap":{"0":{"start":{"line":2,"column":0},"end":{"line":2,"column":31}},"1":{"start":{"line":3,"column":0},"end":{"line":3,"column":44}},"2":{"start":{"line":15,"column":34},"end":{"line":15,"column":80}},"3":{"start":{"line":17,"column":22},"end":{"line":19,"column":3}},"4":{"start":{"line":18,"column":4},"end":{"line":18,"column":37}},"5":{"start":{"line":21,"column":22},"end":{"line":23,"column":3}},"6":{"start":{"line":22,"column":4},"end":{"line":22,"column":22}},"7":{"start":{"line":25,"column":15},"end":{"line":25,"column":32}},"8":{"start":{"line":26,"column":13},"end":{"line":26,"column":48}},"9":{"start":{"line":28,"column":2},"end":{"line":45,"column":4}},"10":{"start":{"line":48,"column":0},"end":{"line":48,"column":30}}},"fnMap":{"0":{"name":"GenericPopover","decl":{"start":{"line":14,"column":9},"end":{"line":14,"column":23}},"loc":{"start":{"line":14,"column":72},"end":{"line":46,"column":1}}},"1":{"name":"(anonymous_8)","decl":{"start":{"line":17,"column":22},"end":{"line":17,"column":23}},"loc":{"start":{"line":17,"column":69},"end":{"line":19,"column":3}}},"2":{"name":"(anonymous_9)","decl":{"start":{"line":21,"column":22},"end":{"line":21,"column":25}},"loc":{"start":{"line":21,"column":27},"end":{"line":23,"column":3}}}},"branchMap":{"0":{"loc":{"start":{"line":26,"column":13},"end":{"line":26,"column":48}},"type":"cond-expr","locations":[{"start":{"line":26,"column":20},"end":{"line":26,"column":36}},{"start":{"line":26,"column":39},"end":{"line":26,"column":48}}]},"1":{"loc":{"start":{"line":41,"column":9},"end":{"line":42,"column":82}},"type":"binary-expr","locations":[{"start":{"line":41,"column":9},"end":{"line":41,"column":39}},{"start":{"line":42,"column":10},"end":{"line":42,"column":82}}]}},"s":{"0":6,"1":6,"2":23,"3":23,"4":4,"5":23,"6":2,"7":23,"8":23,"9":23,"10":6},"f":{"0":23,"1":4,"2":2},"b":{"0":[4,19],"1":[23,23]}}
,"/Users/daviv/Dev/bookings/src/shared/LoadingPage/LoadingPage.tsx": {"path":"/Users/daviv/Dev/bookings/src/shared/LoadingPage/LoadingPage.tsx","statementMap":{"0":{"start":{"line":1,"column":0},"end":{"line":1,"column":62}},"1":{"start":{"line":2,"column":0},"end":{"line":2,"column":56}},"2":{"start":{"line":5,"column":2},"end":{"line":9,"column":4}},"3":{"start":{"line":12,"column":0},"end":{"line":12,"column":27}}},"fnMap":{"0":{"name":"LoadingPage","decl":{"start":{"line":4,"column":9},"end":{"line":4,"column":20}},"loc":{"start":{"line":4,"column":20},"end":{"line":10,"column":1}}}},"branchMap":{},"s":{"0":4,"1":4,"2":2,"3":4},"f":{"0":2},"b":{}}
,"/Users/daviv/Dev/bookings/src/shared/MessagePage/MessagePage.tsx": {"path":"/Users/daviv/Dev/bookings/src/shared/MessagePage/MessagePage.tsx","statementMap":{"0":{"start":{"line":1,"column":0},"end":{"line":1,"column":60}},"1":{"start":{"line":4,"column":2},"end":{"line":10,"column":null}},"2":{"start":{"line":13,"column":0},"end":{"line":13,"column":null}}},"fnMap":{"0":{"name":"MessagePage","decl":{"start":{"line":3,"column":9},"end":{"line":3,"column":20}},"loc":{"start":{"line":3,"column":64},"end":{"line":11,"column":1}}}},"branchMap":{},"s":{"0":4,"1":5,"2":4},"f":{"0":5},"b":{}}
}
