TN:
SF:src/components/Banner/Banner.tsx
FN:3,Banner
FNF:1
FNH:1
FNDA:2,Banner
DA:1,1
DA:4,2
DA:11,1
LF:3
LH:3
BRF:0
BRH:0
end_of_record
TN:
SF:src/components/Booking/index.ts
FNF:0
FNH:0
DA:1,2
DA:2,2
DA:3,2
DA:4,2
DA:6,2
LF:5
LH:5
BRF:0
BRH:0
end_of_record
TN:
SF:src/components/Booking/BookingCancelPopover/BookingCancelPopover.tsx
FN:16,BookingCancelPopover
FN:20,(anonymous_1)
FN:22,(anonymous_2)
FNF:3
FNH:3
FNDA:4,BookingCancelPopover
FNDA:1,(anonymous_1)
FNDA:1,(anonymous_2)
DA:1,4
DA:2,4
DA:4,4
DA:9,4
DA:17,4
DA:18,4
DA:20,4
DA:21,1
DA:23,1
DA:24,1
DA:29,4
DA:42,4
LF:12
LH:12
BRF:0
BRH:0
end_of_record
TN:
SF:src/components/Booking/BookingForm/BookingForm.tsx
FN:25,BookingForm
FN:31,(anonymous_8)
FN:45,(anonymous_9)
FN:56,(anonymous_10)
FN:80,(anonymous_11)
FN:86,(anonymous_12)
FN:99,(anonymous_13)
FN:105,(anonymous_14)
FNF:8
FNH:6
FNDA:13,BookingForm
FNDA:17,(anonymous_8)
FNDA:1,(anonymous_9)
FNDA:1,(anonymous_10)
FNDA:0,(anonymous_11)
FNDA:481,(anonymous_12)
FNDA:0,(anonymous_13)
FNDA:481,(anonymous_14)
DA:1,3
DA:2,3
DA:3,3
DA:4,3
DA:5,3
DA:6,3
DA:7,3
DA:8,3
DA:9,3
DA:10,3
DA:11,3
DA:13,3
DA:15,3
DA:26,13
DA:27,13
DA:28,13
DA:29,13
DA:30,13
DA:31,17
DA:38,13
DA:46,1
DA:51,1
DA:57,1
DA:58,1
DA:64,13
DA:80,0
DA:87,481
DA:99,0
DA:106,481
DA:125,3
LF:30
LH:28
BRDA:41,0,0,13
BRDA:41,0,1,0
BRDA:42,1,0,13
BRDA:42,1,1,0
BRDA:47,2,0,1
BRDA:47,2,1,0
BRDA:48,3,0,1
BRDA:48,3,1,0
BRDA:68,4,0,13
BRDA:68,4,1,3
BRDA:71,5,0,13
BRDA:71,5,1,0
BRDA:87,6,0,481
BRDA:87,6,1,0
BRDA:106,7,0,481
BRDA:106,7,1,0
BRDA:114,8,0,13
BRDA:114,8,1,13
BRDA:114,8,2,10
BRDA:115,9,0,13
BRDA:115,9,1,0
BRF:21
BRH:13
end_of_record
TN:
SF:src/components/Booking/BookingList/BookingList.tsx
FN:19,BookingList
FN:21,(anonymous_2)
FN:40,(anonymous_3)
FN:56,(anonymous_4)
FNF:4
FNH:4
FNDA:8,BookingList
FNDA:12,(anonymous_2)
FNDA:10,(anonymous_3)
FNDA:11,(anonymous_4)
DA:1,3
DA:2,3
DA:4,3
DA:5,3
DA:6,3
DA:7,3
DA:16,3
DA:17,3
DA:20,8
DA:21,12
DA:24,8
DA:37,8
DA:41,10
DA:57,11
DA:69,3
LF:15
LH:15
BRDA:28,0,0,8
BRDA:28,0,1,0
BRDA:40,1,0,2
BRDA:40,1,1,6
BRF:4
BRH:3
end_of_record
TN:
SF:src/components/Booking/BookingModal/BookingModalGroup.tsx
FN:6,LoginModalGroup
FN:9,(anonymous_2)
FN:15,(anonymous_3)
FNF:3
FNH:1
FNDA:6,LoginModalGroup
FNDA:0,(anonymous_2)
FNDA:0,(anonymous_3)
DA:1,2
DA:2,2
DA:3,2
DA:4,2
DA:7,6
DA:9,6
DA:10,0
DA:13,6
DA:15,0
DA:25,2
LF:10
LH:8
BRF:0
BRH:0
end_of_record
TN:
SF:src/components/Login/LoginForm/LoginForm.tsx
FN:17,LoginForm
FN:32,(anonymous_8)
FNF:2
FNH:2
FNDA:71,LoginForm
FNDA:2,(anonymous_8)
DA:1,6
DA:2,6
DA:3,6
DA:4,6
DA:5,6
DA:6,6
DA:7,6
DA:9,6
DA:18,71
DA:27,71
DA:33,2
DA:34,2
DA:38,71
DA:57,6
LF:14
LH:14
BRDA:45,0,0,71
BRDA:45,0,1,4
BRDA:50,1,0,36
BRDA:50,1,1,35
BRDA:50,2,0,71
BRDA:50,2,1,69
BRF:6
BRH:6
end_of_record
TN:
SF:src/components/Login/LoginModal/LoginModalGroup.tsx
FN:7,LoginModalGroup
FN:10,(anonymous_2)
FN:16,(anonymous_3)
FNF:3
FNH:3
FNDA:14,LoginModalGroup
FNDA:2,(anonymous_2)
FNDA:4,(anonymous_3)
DA:1,6
DA:2,6
DA:3,6
DA:4,6
DA:5,6
DA:8,14
DA:10,14
DA:11,2
DA:14,14
DA:16,4
DA:26,6
LF:11
LH:11
BRF:0
BRH:0
end_of_record
TN:
SF:src/components/Nav/NavBar/NavBar.tsx
FN:16,NavBar
FN:17,(anonymous_2)
FN:19,(anonymous_3)
FN:36,(anonymous_4)
FNF:4
FNH:3
FNDA:2,NavBar
FNDA:4,(anonymous_2)
FNDA:0,(anonymous_3)
FNDA:1,(anonymous_4)
DA:1,4
DA:2,4
DA:9,4
DA:10,4
DA:12,4
DA:13,4
DA:14,4
DA:17,4
DA:19,2
DA:20,0
DA:21,0
DA:22,0
DA:26,2
DA:37,1
DA:53,4
LF:15
LH:12
BRDA:20,0,0,0
BRDA:34,1,0,1
BRDA:34,1,1,1
BRF:3
BRH:2
end_of_record
TN:
SF:src/components/Nav/NavBarSearch/NavBarSearch.tsx
FN:12,NavBarSearch
FN:13,(anonymous_2)
FN:29,(anonymous_3)
FNF:3
FNH:3
FNDA:3,NavBarSearch
FNDA:6,(anonymous_2)
FNDA:1,(anonymous_3)
DA:1,1
DA:2,1
DA:3,1
DA:5,1
DA:6,1
DA:7,1
DA:8,1
DA:9,1
DA:10,1
DA:13,6
DA:15,3
DA:30,1
DA:46,1
LF:13
LH:13
BRDA:27,0,0,1
BRDA:27,0,1,2
BRF:2
BRH:2
end_of_record
TN:
SF:src/components/Property/PropertyCard/PropertyCard.tsx
FN:12,PropertyCard
FNF:1
FNH:1
FNDA:6,PropertyCard
DA:1,2
DA:2,2
DA:3,2
DA:5,2
DA:6,2
DA:13,6
DA:37,2
LF:7
LH:7
BRF:0
BRH:0
end_of_record
TN:
SF:src/components/Property/PropertyList/PropertyList.tsx
FN:8,PropertyList
FN:20,(anonymous_2)
FNF:2
FNH:2
FNDA:4,PropertyList
FNDA:4,(anonymous_2)
DA:1,1
DA:2,1
DA:4,1
DA:5,1
DA:6,1
DA:9,4
DA:10,4
DA:11,4
DA:12,4
DA:17,4
DA:21,4
DA:30,1
LF:12
LH:12
BRDA:19,0,0,2
BRDA:19,0,1,2
BRDA:19,1,0,4
BRDA:19,1,1,3
BRF:4
BRH:4
end_of_record
TN:
SF:src/components/Search/SearchForm/SearchForm.tsx
FN:21,SearchForm
FN:24,(anonymous_2)
FN:25,(anonymous_3)
FN:40,(anonymous_4)
FN:68,(anonymous_5)
FN:69,(anonymous_6)
FN:77,(anonymous_7)
FN:78,(anonymous_8)
FNF:8
FNH:3
FNDA:4,SearchForm
FNDA:4,(anonymous_2)
FNDA:4,(anonymous_3)
FNDA:0,(anonymous_4)
FNDA:0,(anonymous_5)
FNDA:0,(anonymous_6)
FNDA:0,(anonymous_7)
FNDA:0,(anonymous_8)
DA:1,3
DA:2,3
DA:3,3
DA:4,3
DA:5,3
DA:6,3
DA:7,3
DA:8,3
DA:9,3
DA:10,3
DA:22,4
DA:23,4
DA:24,4
DA:25,4
DA:34,4
DA:41,0
DA:46,0
DA:47,0
DA:50,0
DA:51,0
DA:52,0
DA:55,0
DA:59,4
DA:68,0
DA:70,0
DA:77,0
DA:79,0
DA:96,3
LF:28
LH:17
BRDA:36,0,0,1
BRDA:36,0,1,3
BRDA:37,1,0,1
BRDA:37,1,1,3
BRDA:42,2,0,0
BRDA:42,2,1,0
BRDA:43,3,0,0
BRDA:43,3,1,0
BRDA:46,4,0,0
BRDA:50,5,0,0
BRDA:50,6,0,0
BRDA:50,6,1,0
BRDA:70,7,0,0
BRDA:70,7,1,0
BRDA:79,8,0,0
BRDA:79,8,1,0
BRDA:83,9,0,4
BRDA:83,9,1,0
BRDA:83,9,2,0
BRDA:87,10,0,1
BRDA:87,10,1,3
BRDA:87,11,0,4
BRDA:87,11,1,3
BRF:23
BRH:9
end_of_record
TN:
SF:src/components/Search/SearchForm/utils/searchValidationSchema.ts
FN:6,(anonymous_6)
FNF:1
FNH:1
FNDA:3,(anonymous_6)
DA:1,4
DA:3,4
DA:7,3
DA:8,3
DA:9,2
DA:11,1
LF:6
LH:6
BRDA:8,0,0,2
BRDA:8,1,0,3
BRDA:8,1,1,1
BRDA:8,1,2,2
BRDA:8,1,3,2
BRF:5
BRH:5
end_of_record
TN:
SF:src/components/Search/SearchModal/SearchModalGroup.tsx
FN:8,SearchModalGroup
FN:11,(anonymous_2)
FN:17,(anonymous_3)
FNF:3
FNH:1
FNDA:5,SearchModalGroup
FNDA:0,(anonymous_2)
FNDA:0,(anonymous_3)
DA:1,2
DA:2,2
DA:3,2
DA:4,2
DA:5,2
DA:6,2
DA:9,5
DA:11,5
DA:12,0
DA:15,5
DA:17,0
DA:25,2
LF:12
LH:10
BRF:0
BRH:0
end_of_record
TN:
SF:src/components/UserMenuPopover/UserMenuPopover.tsx
FN:6,UserMenuPopover
FN:10,(anonymous_1)
FN:14,(anonymous_2)
FNF:3
FNH:3
FNDA:4,UserMenuPopover
FNDA:1,(anonymous_1)
FNDA:1,(anonymous_2)
DA:1,6
DA:2,6
DA:3,6
DA:4,6
DA:7,4
DA:8,4
DA:10,4
DA:11,1
DA:14,4
DA:15,1
DA:16,1
DA:17,1
DA:20,4
DA:28,6
LF:14
LH:14
BRF:0
BRH:0
end_of_record
TN:
SF:src/hooks/index.ts
FNF:0
FNH:0
DA:1,1
LF:1
LH:1
BRF:0
BRH:0
end_of_record
TN:
SF:src/hooks/useAvailableProperties.tsx
FN:6,(anonymous_0)
FN:7,(anonymous_1)
FNF:2
FNH:2
FNDA:4,(anonymous_0)
FNDA:6,(anonymous_1)
DA:1,1
DA:2,1
DA:3,1
DA:6,1
DA:7,6
DA:11,4
DA:23,4
LF:7
LH:7
BRF:0
BRH:0
end_of_record
TN:
SF:src/shared/index.ts
FNF:0
FNH:0
DA:1,3
DA:2,3
DA:3,3
DA:4,3
DA:5,3
DA:7,3
LF:6
LH:6
BRF:0
BRH:0
end_of_record
TN:
SF:src/shared/ErrorBoundary/ErrorBoundary.tsx
FN:14,(anonymous_1)
FN:19,(anonymous_2)
FN:23,(anonymous_3)
FN:27,(anonymous_4)
FNF:4
FNH:4
FNDA:4,(anonymous_1)
FNDA:2,(anonymous_2)
FNDA:1,(anonymous_3)
FNDA:5,(anonymous_4)
DA:1,4
DA:2,4
DA:3,4
DA:15,4
DA:16,3
DA:20,2
DA:24,1
DA:28,5
DA:29,2
DA:37,3
DA:41,4
LF:11
LH:11
BRDA:28,0,0,2
BRF:1
BRH:1
end_of_record
TN:
SF:src/shared/GenericModal/GenericModal.tsx
FN:10,GenericModal
FNF:1
FNH:1
FNDA:19,GenericModal
DA:1,7
DA:2,7
DA:11,19
DA:22,7
LF:4
LH:4
BRF:0
BRH:0
end_of_record
TN:
SF:src/shared/GenericPopover/GenericPopover.tsx
FN:14,GenericPopover
FN:17,(anonymous_8)
FN:21,(anonymous_9)
FNF:3
FNH:3
FNDA:23,GenericPopover
FNDA:4,(anonymous_8)
FNDA:2,(anonymous_9)
DA:2,6
DA:3,6
DA:15,23
DA:17,23
DA:18,4
DA:21,23
DA:22,2
DA:25,23
DA:26,23
DA:28,23
DA:48,6
LF:11
LH:11
BRDA:26,0,0,4
BRDA:26,0,1,19
BRDA:41,1,0,23
BRDA:41,1,1,23
BRF:4
BRH:4
end_of_record
TN:
SF:src/shared/LoadingPage/LoadingPage.tsx
FN:4,LoadingPage
FNF:1
FNH:1
FNDA:2,LoadingPage
DA:1,4
DA:2,4
DA:5,2
DA:12,4
LF:4
LH:4
BRF:0
BRH:0
end_of_record
TN:
SF:src/shared/MessagePage/MessagePage.tsx
FN:3,MessagePage
FNF:1
FNH:1
FNDA:5,MessagePage
DA:1,4
DA:4,5
DA:13,4
LF:3
LH:3
BRF:0
BRH:0
end_of_record
